# JRE version: Java(TM) SE Runtime Environment (13.0.2+8) (build 13.0.2+8)
# Java VM: Java HotSpot(TM) 64-Bit Server VM (13.0.2+8, mixed mode, sharing, tiered, compressed oops, g1 gc, windows-amd64)
Heap:
 garbage-first heap   total 809984K, used 175104K [0x00000000c1800000, 0x0000000100000000)
  region size 1024K, 4 young (4096K), 4 survivors (4096K)
 Metaspace       used 1176K, capacity 4662K, committed 4864K, reserved 1056768K
  class space    used 100K, capacity 425K, committed 512K, reserved 1048576K
GC Heap History (20 events):
Event: 42.741 GC heap after
{Heap after GC invocations=30 (full 0):
 garbage-first heap   total 666624K, used 118784K [0x00000000c1800000, 0x0000000100000000)
  region size 1024K, 3 young (3072K), 3 survivors (3072K)
 Metaspace       used 1176K, capacity 4662K, committed 4864K, reserved 1056768K
  class space    used 100K, capacity 425K, committed 512K, reserved 1048576K
}
Event: 42.863 GC heap before
{Heap before GC invocations=30 (full 0):
 garbage-first heap   total 666624K, used 148480K [0x00000000c1800000, 0x0000000100000000)
  region size 1024K, 32 young (32768K), 3 survivors (3072K)
 Metaspace       used 1176K, capacity 4662K, committed 4864K, reserved 1056768K
  class space    used 100K, capacity 425K, committed 512K, reserved 1048576K
}
Event: 42.880 GC heap after
{Heap after GC invocations=31 (full 0):
 garbage-first heap   total 666624K, used 121595K [0x00000000c1800000, 0x0000000100000000)
  region size 1024K, 3 young (3072K), 3 survivors (3072K)
 Metaspace       used 1176K, capacity 4662K, committed 4864K, reserved 1056768K
  class space    used 100K, capacity 425K, committed 512K, reserved 1048576K
}
Event: 43.017 GC heap before
{Heap before GC invocations=31 (full 0):
 garbage-first heap   total 666624K, used 151291K [0x00000000c1800000, 0x0000000100000000)
  region size 1024K, 32 young (32768K), 3 survivors (3072K)
 Metaspace       used 1176K, capacity 4662K, committed 4864K, reserved 1056768K
  class space    used 100K, capacity 425K, committed 512K, reserved 1048576K
}
Event: 43.037 GC heap after
{Heap after GC invocations=32 (full 0):
 garbage-first heap   total 666624K, used 125083K [0x00000000c1800000, 0x0000000100000000)
  region size 1024K, 4 young (4096K), 4 survivors (4096K)
 Metaspace       used 1176K, capacity 4662K, committed 4864K, reserved 1056768K
  class space    used 100K, capacity 425K, committed 512K, reserved 1048576K
}
Event: 43.248 GC heap before
{Heap before GC invocations=32 (full 0):
 garbage-first heap   total 666624K, used 153755K [0x00000000c1800000, 0x0000000100000000)
  region size 1024K, 32 young (32768K), 4 survivors (4096K)
 Metaspace       used 1176K, capacity 4662K, committed 4864K, reserved 1056768K
  class space    used 100K, capacity 425K, committed 512K, reserved 1048576K
}
Event: 43.264 GC heap after
{Heap after GC invocations=33 (full 0):
 garbage-first heap   total 666624K, used 128146K [0x00000000c1800000, 0x0000000100000000)
  region size 1024K, 4 young (4096K), 4 survivors (4096K)
 Metaspace       used 1176K, capacity 4662K, committed 4864K, reserved 1056768K
  class space    used 100K, capacity 425K, committed 512K, reserved 1048576K
}
Event: 43.531 GC heap before
{Heap before GC invocations=33 (full 0):
 garbage-first heap   total 666624K, used 156818K [0x00000000c1800000, 0x0000000100000000)
  region size 1024K, 32 young (32768K), 4 survivors (4096K)
 Metaspace       used 1176K, capacity 4662K, committed 4864K, reserved 1056768K
  class space    used 100K, capacity 425K, committed 512K, reserved 1048576K
}
Event: 43.702 GC heap after
{Heap after GC invocations=34 (full 0):
 garbage-first heap   total 666624K, used 130881K [0x00000000c1800000, 0x0000000100000000)
  region size 1024K, 3 young (3072K), 3 survivors (3072K)
 Metaspace       used 1176K, capacity 4662K, committed 4864K, reserved 1056768K
  class space    used 100K, capacity 425K, committed 512K, reserved 1048576K
}
Event: 43.943 GC heap before
{Heap before GC invocations=34 (full 0):
 garbage-first heap   total 666624K, used 188225K [0x00000000c1800000, 0x0000000100000000)
  region size 1024K, 59 young (60416K), 3 survivors (3072K)
 Metaspace       used 1176K, capacity 4662K, committed 4864K, reserved 1056768K
  class space    used 100K, capacity 425K, committed 512K, reserved 1048576K
}
Event: 43.966 GC heap after
{Heap after GC invocations=35 (full 0):
 garbage-first heap   total 666624K, used 136332K [0x00000000c1800000, 0x0000000100000000)
  region size 1024K, 8 young (8192K), 8 survivors (8192K)
 Metaspace       used 1176K, capacity 4662K, committed 4864K, reserved 1056768K
  class space    used 100K, capacity 425K, committed 512K, reserved 1048576K
}
Event: 44.405 GC heap before
{Heap before GC invocations=35 (full 0):
 garbage-first heap   total 666624K, used 223372K [0x00000000c1800000, 0x0000000100000000)
  region size 1024K, 93 young (95232K), 8 survivors (8192K)
 Metaspace       used 1176K, capacity 4662K, committed 4864K, reserved 1056768K
  class space    used 100K, capacity 425K, committed 512K, reserved 1048576K
}
Event: 44.442 GC heap after
{Heap after GC invocations=36 (full 0):
 garbage-first heap   total 666624K, used 144757K [0x00000000c1800000, 0x0000000100000000)
  region size 1024K, 12 young (12288K), 12 survivors (12288K)
 Metaspace       used 1176K, capacity 4662K, committed 4864K, reserved 1056768K
  class space    used 100K, capacity 425K, committed 512K, reserved 1048576K
}
Event: 44.826 GC heap before
{Heap before GC invocations=36 (full 0):
 garbage-first heap   total 666624K, used 252277K [0x00000000c1800000, 0x0000000100000000)
  region size 1024K, 117 young (119808K), 12 survivors (12288K)
 Metaspace       used 1176K, capacity 4662K, committed 4864K, reserved 1056768K
  class space    used 100K, capacity 425K, committed 512K, reserved 1048576K
}
Event: 44.891 GC heap after
{Heap after GC invocations=37 (full 0):
 garbage-first heap   total 666624K, used 155471K [0x00000000c1800000, 0x0000000100000000)
  region size 1024K, 15 young (15360K), 15 survivors (15360K)
 Metaspace       used 1176K, capacity 4662K, committed 4864K, reserved 1056768K
  class space    used 100K, capacity 425K, committed 512K, reserved 1048576K
}
Event: 45.292 GC heap before
{Heap before GC invocations=37 (full 0):
 garbage-first heap   total 666624K, used 272207K [0x00000000c1800000, 0x0000000100000000)
  region size 1024K, 129 young (132096K), 15 survivors (15360K)
 Metaspace       used 1176K, capacity 4662K, committed 4864K, reserved 1056768K
  class space    used 100K, capacity 425K, committed 512K, reserved 1048576K
}
Event: 50.499 GC heap after
{Heap after GC invocations=38 (full 0):
 garbage-first heap   total 666624K, used 168056K [0x00000000c1800000, 0x0000000100000000)
  region size 1024K, 12 young (12288K), 12 survivors (12288K)
 Metaspace       used 1176K, capacity 4662K, committed 4864K, reserved 1056768K
  class space    used 100K, capacity 425K, committed 512K, reserved 1048576K
}
Event: 51.624 GC heap before
{Heap before GC invocations=38 (full 0):
 garbage-first heap   total 666624K, used 188536K [0x00000000c1800000, 0x0000000100000000)
  region size 1024K, 32 young (32768K), 12 survivors (12288K)
 Metaspace       used 1176K, capacity 4662K, committed 4864K, reserved 1056768K
  class space    used 100K, capacity 425K, committed 512K, reserved 1048576K
}
Event: 52.655 GC heap after
{Heap after GC invocations=39 (full 0):
 garbage-first heap   total 666624K, used 172032K [0x00000000c1800000, 0x0000000100000000)
  region size 1024K, 3 young (3072K), 3 survivors (3072K)
 Metaspace       used 1176K, capacity 4662K, committed 4864K, reserved 1056768K
  class space    used 100K, capacity 425K, committed 512K, reserved 1048576K
}
Event: 52.774 GC heap before
{Heap before GC invocations=39 (full 0):
 garbage-first heap   total 666624K, used 201728K [0x00000000c1800000, 0x0000000100000000)
  region size 1024K, 32 young (32768K), 3 survivors (3072K)
 Metaspace       used 1176K, capacity 4662K, committed 4864K, reserved 1056768K
  class space    used 100K, capacity 425K, committed 512K, reserved 1048576K
}

